{"/Users/marko/Documents/programiranje/Projects/blogAPI/build/config/databaseConnection.js": {"path":"/Users/marko/Documents/programiranje/Projects/blogAPI/build/config/databaseConnection.js","statementMap":{"0":{"start":{"line":2,"column":0},"end":{"line":2,"column":62}},"1":{"start":{"line":3,"column":20},"end":{"line":3,"column":40}},"2":{"start":{"line":4,"column":13},"end":{"line":4,"column":32}},"3":{"start":{"line":5,"column":13},"end":{"line":5,"column":32}},"4":{"start":{"line":6,"column":17},"end":{"line":6,"column":40}},"5":{"start":{"line":7,"column":17},"end":{"line":7,"column":40}},"6":{"start":{"line":8,"column":13},"end":{"line":8,"column":80}},"7":{"start":{"line":9,"column":18},"end":{"line":13,"column":2}},"8":{"start":{"line":14,"column":0},"end":{"line":14,"column":28}}},"fnMap":{},"branchMap":{"0":{"loc":{"start":{"line":8,"column":13},"end":{"line":8,"column":80}},"type":"cond-expr","locations":[{"start":{"line":8,"column":35},"end":{"line":8,"column":68}},{"start":{"line":8,"column":71},"end":{"line":8,"column":80}}],"line":8}},"s":{"0":2,"1":2,"2":2,"3":2,"4":2,"5":2,"6":2,"7":2,"8":2},"f":{},"b":{"0":[2,0]},"inputSourceMap":null,"_coverageSchema":"1a1c01bbd47fc00a2c39e90264f33305004495a9","hash":"b9e0342e792e84cfc2479f774bb5cf751c854539"}
,"/Users/marko/Documents/programiranje/Projects/blogAPI/build/models/blog.js": {"path":"/Users/marko/Documents/programiranje/Projects/blogAPI/build/models/blog.js","statementMap":{"0":{"start":{"line":2,"column":22},"end":{"line":4,"column":1}},"1":{"start":{"line":3,"column":4},"end":{"line":3,"column":62}},"2":{"start":{"line":5,"column":0},"end":{"line":5,"column":62}},"3":{"start":{"line":6,"column":0},"end":{"line":6,"column":22}},"4":{"start":{"line":7,"column":29},"end":{"line":7,"column":85}},"5":{"start":{"line":8,"column":20},"end":{"line":8,"column":40}},"6":{"start":{"line":11,"column":0},"end":{"line":11,"column":20}},"7":{"start":{"line":12,"column":0},"end":{"line":44,"column":3}}},"fnMap":{"0":{"name":"(anonymous_0)","decl":{"start":{"line":2,"column":56},"end":{"line":2,"column":57}},"loc":{"start":{"line":2,"column":71},"end":{"line":4,"column":1}},"line":2}},"branchMap":{"0":{"loc":{"start":{"line":2,"column":22},"end":{"line":4,"column":1}},"type":"binary-expr","locations":[{"start":{"line":2,"column":23},"end":{"line":2,"column":27}},{"start":{"line":2,"column":31},"end":{"line":2,"column":51}},{"start":{"line":2,"column":56},"end":{"line":4,"column":1}}],"line":2},"1":{"loc":{"start":{"line":3,"column":11},"end":{"line":3,"column":61}},"type":"cond-expr","locations":[{"start":{"line":3,"column":37},"end":{"line":3,"column":40}},{"start":{"line":3,"column":43},"end":{"line":3,"column":61}}],"line":3},"2":{"loc":{"start":{"line":3,"column":12},"end":{"line":3,"column":33}},"type":"binary-expr","locations":[{"start":{"line":3,"column":12},"end":{"line":3,"column":15}},{"start":{"line":3,"column":19},"end":{"line":3,"column":33}}],"line":3}},"s":{"0":1,"1":1,"2":1,"3":1,"4":1,"5":1,"6":1,"7":1},"f":{"0":1},"b":{"0":[1,1,1],"1":[1,0],"2":[1,1]},"inputSourceMap":null,"_coverageSchema":"1a1c01bbd47fc00a2c39e90264f33305004495a9","hash":"0d837245603fdc2254b9ee561da8fee47ec0a073"}
,"/Users/marko/Documents/programiranje/Projects/blogAPI/build/models/user.js": {"path":"/Users/marko/Documents/programiranje/Projects/blogAPI/build/models/user.js","statementMap":{"0":{"start":{"line":2,"column":22},"end":{"line":4,"column":1}},"1":{"start":{"line":3,"column":4},"end":{"line":3,"column":62}},"2":{"start":{"line":5,"column":0},"end":{"line":5,"column":62}},"3":{"start":{"line":6,"column":0},"end":{"line":6,"column":22}},"4":{"start":{"line":7,"column":20},"end":{"line":7,"column":40}},"5":{"start":{"line":8,"column":29},"end":{"line":8,"column":85}},"6":{"start":{"line":9,"column":19},"end":{"line":9,"column":55}},"7":{"start":{"line":12,"column":0},"end":{"line":12,"column":20}},"8":{"start":{"line":13,"column":0},"end":{"line":74,"column":3}},"9":{"start":{"line":25,"column":12},"end":{"line":25,"column":60}},"10":{"start":{"line":75,"column":0},"end":{"line":78,"column":3}},"11":{"start":{"line":76,"column":27},"end":{"line":76,"column":75}},"12":{"start":{"line":77,"column":4},"end":{"line":77,"column":35}}},"fnMap":{"0":{"name":"(anonymous_0)","decl":{"start":{"line":2,"column":56},"end":{"line":2,"column":57}},"loc":{"start":{"line":2,"column":71},"end":{"line":4,"column":1}},"line":2},"1":{"name":"(anonymous_1)","decl":{"start":{"line":24,"column":8},"end":{"line":24,"column":9}},"loc":{"start":{"line":24,"column":19},"end":{"line":26,"column":9}},"line":24},"2":{"name":"(anonymous_2)","decl":{"start":{"line":75,"column":18},"end":{"line":75,"column":19}},"loc":{"start":{"line":75,"column":34},"end":{"line":78,"column":1}},"line":75}},"branchMap":{"0":{"loc":{"start":{"line":2,"column":22},"end":{"line":4,"column":1}},"type":"binary-expr","locations":[{"start":{"line":2,"column":23},"end":{"line":2,"column":27}},{"start":{"line":2,"column":31},"end":{"line":2,"column":51}},{"start":{"line":2,"column":56},"end":{"line":4,"column":1}}],"line":2},"1":{"loc":{"start":{"line":3,"column":11},"end":{"line":3,"column":61}},"type":"cond-expr","locations":[{"start":{"line":3,"column":37},"end":{"line":3,"column":40}},{"start":{"line":3,"column":43},"end":{"line":3,"column":61}}],"line":3},"2":{"loc":{"start":{"line":3,"column":12},"end":{"line":3,"column":33}},"type":"binary-expr","locations":[{"start":{"line":3,"column":12},"end":{"line":3,"column":15}},{"start":{"line":3,"column":19},"end":{"line":3,"column":33}}],"line":3}},"s":{"0":2,"1":4,"2":2,"3":2,"4":2,"5":2,"6":2,"7":2,"8":2,"9":0,"10":2,"11":0,"12":0},"f":{"0":4,"1":0,"2":0},"b":{"0":[2,2,2],"1":[2,2],"2":[4,4]},"inputSourceMap":null,"_coverageSchema":"1a1c01bbd47fc00a2c39e90264f33305004495a9","hash":"76716e5c93b56c25f36ae7ab3a6135bdc913bdaf"}
,"/Users/marko/Documents/programiranje/Projects/blogAPI/build/services/retrieveDataServices.js": {"path":"/Users/marko/Documents/programiranje/Projects/blogAPI/build/services/retrieveDataServices.js","statementMap":{"0":{"start":{"line":2,"column":0},"end":{"line":2,"column":62}},"1":{"start":{"line":4,"column":15},"end":{"line":4,"column":40}},"2":{"start":{"line":5,"column":15},"end":{"line":5,"column":40}},"3":{"start":{"line":6,"column":20},"end":{"line":8,"column":2}},"4":{"start":{"line":6,"column":26},"end":{"line":8,"column":2}},"5":{"start":{"line":9,"column":26},"end":{"line":13,"column":2}},"6":{"start":{"line":9,"column":32},"end":{"line":13,"column":2}},"7":{"start":{"line":14,"column":0},"end":{"line":14,"column":53}}},"fnMap":{"0":{"name":"(anonymous_0)","decl":{"start":{"line":6,"column":20},"end":{"line":6,"column":21}},"loc":{"start":{"line":6,"column":26},"end":{"line":8,"column":2}},"line":6},"1":{"name":"(anonymous_1)","decl":{"start":{"line":9,"column":26},"end":{"line":9,"column":27}},"loc":{"start":{"line":9,"column":32},"end":{"line":13,"column":2}},"line":9}},"branchMap":{},"s":{"0":1,"1":1,"2":1,"3":1,"4":1,"5":1,"6":0,"7":1},"f":{"0":1,"1":0},"b":{},"inputSourceMap":null,"_coverageSchema":"1a1c01bbd47fc00a2c39e90264f33305004495a9","hash":"39d43d7c46dbc9ebe3f6bfa7d4f81d845bedeabb"}
,"/Users/marko/Documents/programiranje/Projects/blogAPI/build/services/userServices.js": {"path":"/Users/marko/Documents/programiranje/Projects/blogAPI/build/services/userServices.js","statementMap":{"0":{"start":{"line":2,"column":0},"end":{"line":2,"column":62}},"1":{"start":{"line":4,"column":15},"end":{"line":4,"column":40}},"2":{"start":{"line":6,"column":16},"end":{"line":16,"column":1}},"3":{"start":{"line":7,"column":22},"end":{"line":13,"column":5}},"4":{"start":{"line":14,"column":17},"end":{"line":14,"column":46}},"5":{"start":{"line":15,"column":4},"end":{"line":15,"column":16}},"6":{"start":{"line":18,"column":21},"end":{"line":18,"column":75}},"7":{"start":{"line":18,"column":33},"end":{"line":18,"column":75}},"8":{"start":{"line":19,"column":24},"end":{"line":19,"column":76}},"9":{"start":{"line":19,"column":35},"end":{"line":19,"column":76}},"10":{"start":{"line":21,"column":23},"end":{"line":21,"column":104}},"11":{"start":{"line":21,"column":44},"end":{"line":21,"column":104}},"12":{"start":{"line":22,"column":0},"end":{"line":22,"column":77}}},"fnMap":{"0":{"name":"(anonymous_0)","decl":{"start":{"line":6,"column":16},"end":{"line":6,"column":17}},"loc":{"start":{"line":6,"column":64},"end":{"line":16,"column":1}},"line":6},"1":{"name":"(anonymous_1)","decl":{"start":{"line":18,"column":21},"end":{"line":18,"column":22}},"loc":{"start":{"line":18,"column":33},"end":{"line":18,"column":75}},"line":18},"2":{"name":"(anonymous_2)","decl":{"start":{"line":19,"column":24},"end":{"line":19,"column":25}},"loc":{"start":{"line":19,"column":35},"end":{"line":19,"column":76}},"line":19},"3":{"name":"(anonymous_3)","decl":{"start":{"line":21,"column":23},"end":{"line":21,"column":24}},"loc":{"start":{"line":21,"column":44},"end":{"line":21,"column":104}},"line":21}},"branchMap":{"0":{"loc":{"start":{"line":12,"column":14},"end":{"line":12,"column":28}},"type":"binary-expr","locations":[{"start":{"line":12,"column":14},"end":{"line":12,"column":18}},{"start":{"line":12,"column":22},"end":{"line":12,"column":28}}],"line":12}},"s":{"0":1,"1":1,"2":1,"3":1,"4":1,"5":1,"6":1,"7":1,"8":1,"9":1,"10":1,"11":1,"12":1},"f":{"0":1,"1":1,"2":1,"3":1},"b":{"0":[1,0]},"inputSourceMap":null,"_coverageSchema":"1a1c01bbd47fc00a2c39e90264f33305004495a9","hash":"7912c8cc0fb140690361317cee9158647b2b8825"}
,"/Users/marko/Documents/programiranje/Projects/blogAPI/config/databaseConnection.ts": {"path":"/Users/marko/Documents/programiranje/Projects/blogAPI/config/databaseConnection.ts","statementMap":{"0":{"start":{"line":1,"column":0},"end":{"line":1,"column":38}},"1":{"start":{"line":3,"column":21},"end":{"line":3,"column":50}},"2":{"start":{"line":4,"column":21},"end":{"line":4,"column":50}},"3":{"start":{"line":5,"column":25},"end":{"line":5,"column":58}},"4":{"start":{"line":6,"column":25},"end":{"line":6,"column":58}},"5":{"start":{"line":7,"column":33},"end":{"line":7,"column":100}},"6":{"start":{"line":9,"column":29},"end":{"line":13,"column":2}},"7":{"start":{"line":15,"column":0},"end":{"line":15,"column":25}}},"fnMap":{},"branchMap":{"0":{"loc":{"start":{"line":7,"column":33},"end":{"line":7,"column":100}},"type":"cond-expr","locations":[{"start":{"line":7,"column":55},"end":{"line":7,"column":88}},{"start":{"line":7,"column":91},"end":{"line":7,"column":100}}]}},"s":{"0":2,"1":2,"2":2,"3":2,"4":2,"5":2,"6":2,"7":2},"f":{},"b":{"0":[2,0]}}
,"/Users/marko/Documents/programiranje/Projects/blogAPI/models/blog.ts": {"path":"/Users/marko/Documents/programiranje/Projects/blogAPI/models/blog.ts","statementMap":{"0":{"start":{"line":1,"column":0},"end":{"line":1,"column":53}},"1":{"start":{"line":4,"column":0},"end":{"line":4,"column":85}},"2":{"start":{"line":72,"column":9},"end":{"line":72,"column":13}},"3":{"start":{"line":35,"column":0},"end":{"line":70,"column":2}}},"fnMap":{},"branchMap":{},"s":{"0":1,"1":1,"2":1,"3":1},"f":{},"b":{}}
,"/Users/marko/Documents/programiranje/Projects/blogAPI/models/user.ts": {"path":"/Users/marko/Documents/programiranje/Projects/blogAPI/models/user.ts","statementMap":{"0":{"start":{"line":1,"column":0},"end":{"line":1,"column":55}},"1":{"start":{"line":2,"column":0},"end":{"line":2,"column":53}},"2":{"start":{"line":3,"column":0},"end":{"line":3,"column":30}},"3":{"start":{"line":104,"column":9},"end":{"line":104,"column":13}},"4":{"start":{"line":33,"column":0},"end":{"line":97,"column":2}},"5":{"start":{"line":46,"column":8},"end":{"line":46,"column":56}},"6":{"start":{"line":99,"column":0},"end":{"line":102,"column":3}},"7":{"start":{"line":100,"column":25},"end":{"line":100,"column":61}},"8":{"start":{"line":101,"column":2},"end":{"line":101,"column":33}}},"fnMap":{"0":{"name":"(anonymous_1)","decl":{"start":{"line":45,"column":6},"end":{"line":45,"column":9}},"loc":{"start":{"line":45,"column":23},"end":{"line":47,"column":7}}},"1":{"name":"(anonymous_2)","decl":{"start":{"line":99,"column":18},"end":{"line":99,"column":23}},"loc":{"start":{"line":99,"column":33},"end":{"line":102,"column":1}}}},"branchMap":{},"s":{"0":2,"1":2,"2":2,"3":2,"4":2,"5":0,"6":2,"7":0,"8":0},"f":{"0":0,"1":0},"b":{}}
,"/Users/marko/Documents/programiranje/Projects/blogAPI/services/jwtServices.ts": {"path":"/Users/marko/Documents/programiranje/Projects/blogAPI/services/jwtServices.ts","statementMap":{"0":{"start":{"line":2,"column":0},"end":{"line":2,"column":31}},"1":{"start":{"line":10,"column":26},"end":{"line":10,"column":58}},"2":{"start":{"line":12,"column":0},"end":{"line":12,"column":null}},"3":{"start":{"line":13,"column":2},"end":{"line":13,"column":null}},"4":{"start":{"line":14,"column":2},"end":{"line":14,"column":null}},"5":{"start":{"line":15,"column":2},"end":{"line":15,"column":null}},"6":{"start":{"line":16,"column":2},"end":{"line":16,"column":null}},"7":{"start":{"line":19,"column":24},"end":{"line":24,"column":1}},"8":{"start":{"line":20,"column":16},"end":{"line":22,"column":4}},"9":{"start":{"line":23,"column":2},"end":{"line":23,"column":62}},"10":{"start":{"line":26,"column":23},"end":{"line":28,"column":1}},"11":{"start":{"line":27,"column":2},"end":{"line":27,"column":38}},"12":{"start":{"line":30,"column":0},"end":{"line":30,"column":51}}},"fnMap":{"0":{"name":"(anonymous_1)","decl":{"start":{"line":12,"column":0},"end":{"line":12,"column":5}},"loc":{"start":{"line":12,"column":11},"end":{"line":17,"column":1}}},"1":{"name":"(anonymous_2)","decl":{"start":{"line":19,"column":24},"end":{"line":19,"column":25}},"loc":{"start":{"line":19,"column":60},"end":{"line":24,"column":1}}},"2":{"name":"(anonymous_3)","decl":{"start":{"line":26,"column":23},"end":{"line":26,"column":24}},"loc":{"start":{"line":26,"column":41},"end":{"line":28,"column":1}}}},"branchMap":{"0":{"loc":{"start":{"line":12,"column":5},"end":{"line":12,"column":null}},"type":"binary-expr","locations":[{"start":{"line":12,"column":5},"end":{"line":12,"column":11}},{"start":{"line":12,"column":5},"end":{"line":12,"column":null}}]}},"s":{"0":1,"1":1,"2":1,"3":1,"4":1,"5":1,"6":1,"7":1,"8":1,"9":1,"10":1,"11":1,"12":1},"f":{"0":1,"1":1,"2":1},"b":{"0":[1,1]}}
,"/Users/marko/Documents/programiranje/Projects/blogAPI/services/retrieveDataServices.ts": {"path":"/Users/marko/Documents/programiranje/Projects/blogAPI/services/retrieveDataServices.ts","statementMap":{"0":{"start":{"line":2,"column":0},"end":{"line":2,"column":38}},"1":{"start":{"line":3,"column":0},"end":{"line":3,"column":38}},"2":{"start":{"line":8,"column":20},"end":{"line":11,"column":4}},"3":{"start":{"line":9,"column":2},"end":{"line":11,"column":4}},"4":{"start":{"line":13,"column":26},"end":{"line":18,"column":4}},"5":{"start":{"line":14,"column":2},"end":{"line":18,"column":4}},"6":{"start":{"line":20,"column":0},"end":{"line":20,"column":50}}},"fnMap":{"0":{"name":"(anonymous_0)","decl":{"start":{"line":8,"column":20},"end":{"line":8,"column":46}},"loc":{"start":{"line":9,"column":2},"end":{"line":11,"column":4}}},"1":{"name":"(anonymous_1)","decl":{"start":{"line":13,"column":26},"end":{"line":13,"column":52}},"loc":{"start":{"line":14,"column":2},"end":{"line":18,"column":4}}}},"branchMap":{},"s":{"0":1,"1":1,"2":1,"3":1,"4":1,"5":1,"6":1},"f":{"0":1,"1":1},"b":{}}
,"/Users/marko/Documents/programiranje/Projects/blogAPI/services/userServices.ts": {"path":"/Users/marko/Documents/programiranje/Projects/blogAPI/services/userServices.ts","statementMap":{"0":{"start":{"line":2,"column":0},"end":{"line":2,"column":61}},"1":{"start":{"line":7,"column":16},"end":{"line":23,"column":1}},"2":{"start":{"line":14,"column":31},"end":{"line":20,"column":4}},"3":{"start":{"line":21,"column":15},"end":{"line":21,"column":37}},"4":{"start":{"line":22,"column":2},"end":{"line":22,"column":14}},"5":{"start":{"line":26,"column":21},"end":{"line":26,"column":104}},"6":{"start":{"line":26,"column":69},"end":{"line":26,"column":104}},"7":{"start":{"line":27,"column":24},"end":{"line":27,"column":105}},"8":{"start":{"line":27,"column":71},"end":{"line":27,"column":105}},"9":{"start":{"line":30,"column":23},"end":{"line":31,"column":55}},"10":{"start":{"line":31,"column":2},"end":{"line":31,"column":55}},"11":{"start":{"line":33,"column":0},"end":{"line":33,"column":74}}},"fnMap":{"0":{"name":"(anonymous_0)","decl":{"start":{"line":7,"column":16},"end":{"line":7,"column":null}},"loc":{"start":{"line":13,"column":25},"end":{"line":23,"column":1}}},"1":{"name":"(anonymous_1)","decl":{"start":{"line":26,"column":21},"end":{"line":26,"column":22}},"loc":{"start":{"line":26,"column":69},"end":{"line":26,"column":104}}},"2":{"name":"(anonymous_2)","decl":{"start":{"line":27,"column":24},"end":{"line":27,"column":25}},"loc":{"start":{"line":27,"column":71},"end":{"line":27,"column":105}}},"3":{"name":"(anonymous_3)","decl":{"start":{"line":30,"column":23},"end":{"line":30,"column":24}},"loc":{"start":{"line":31,"column":2},"end":{"line":31,"column":55}}}},"branchMap":{"0":{"loc":{"start":{"line":19,"column":10},"end":{"line":19,"column":24}},"type":"binary-expr","locations":[{"start":{"line":19,"column":10},"end":{"line":19,"column":14}},{"start":{"line":19,"column":18},"end":{"line":19,"column":24}}]}},"s":{"0":1,"1":1,"2":1,"3":1,"4":1,"5":1,"6":1,"7":1,"8":1,"9":1,"10":1,"11":1},"f":{"0":1,"1":1,"2":1,"3":1},"b":{"0":[1,0]}}
}
