{"/Users/marko/Documents/programiranje/Projects/blogAPI/config/databaseConnection.ts": {"path":"/Users/marko/Documents/programiranje/Projects/blogAPI/config/databaseConnection.ts","statementMap":{"0":{"start":{"line":1,"column":0},"end":{"line":1,"column":38}},"1":{"start":{"line":3,"column":21},"end":{"line":3,"column":50}},"2":{"start":{"line":4,"column":21},"end":{"line":4,"column":50}},"3":{"start":{"line":5,"column":25},"end":{"line":5,"column":58}},"4":{"start":{"line":6,"column":25},"end":{"line":6,"column":58}},"5":{"start":{"line":7,"column":33},"end":{"line":7,"column":100}},"6":{"start":{"line":9,"column":29},"end":{"line":13,"column":2}},"7":{"start":{"line":15,"column":0},"end":{"line":15,"column":25}}},"fnMap":{},"branchMap":{"0":{"loc":{"start":{"line":7,"column":33},"end":{"line":7,"column":100}},"type":"cond-expr","locations":[{"start":{"line":7,"column":55},"end":{"line":7,"column":88}},{"start":{"line":7,"column":91},"end":{"line":7,"column":100}}]}},"s":{"0":4,"1":4,"2":4,"3":4,"4":4,"5":4,"6":4,"7":4},"f":{},"b":{"0":[4,0]}}
,"/Users/marko/Documents/programiranje/Projects/blogAPI/controllers/authController.ts": {"path":"/Users/marko/Documents/programiranje/Projects/blogAPI/controllers/authController.ts","statementMap":{"0":{"start":{"line":8,"column":0},"end":{"line":8,"column":56}},"1":{"start":{"line":11,"column":0},"end":{"line":11,"column":52}},"2":{"start":{"line":12,"column":0},"end":{"line":12,"column":50}},"3":{"start":{"line":13,"column":0},"end":{"line":13,"column":52}},"4":{"start":{"line":14,"column":0},"end":{"line":14,"column":56}},"5":{"start":{"line":21,"column":17},"end":{"line":39,"column":1}},"6":{"start":{"line":22,"column":78},"end":{"line":22,"column":86}},"7":{"start":{"line":24,"column":2},"end":{"line":38,"column":null}},"8":{"start":{"line":26,"column":4},"end":{"line":26,"column":48}},"9":{"start":{"line":27,"column":4},"end":{"line":27,"column":54}},"10":{"start":{"line":28,"column":4},"end":{"line":28,"column":54}},"11":{"start":{"line":29,"column":4},"end":{"line":29,"column":65}},"12":{"start":{"line":30,"column":4},"end":{"line":30,"column":63}},"13":{"start":{"line":33,"column":29},"end":{"line":33,"column":109}},"14":{"start":{"line":35,"column":4},"end":{"line":35,"column":43}},"15":{"start":{"line":37,"column":4},"end":{"line":37,"column":21}},"16":{"start":{"line":41,"column":14},"end":{"line":66,"column":1}},"17":{"start":{"line":42,"column":48},"end":{"line":42,"column":56}},"18":{"start":{"line":43,"column":2},"end":{"line":65,"column":null}},"19":{"start":{"line":44,"column":36},"end":{"line":44,"column":77}},"20":{"start":{"line":46,"column":4},"end":{"line":62,"column":null}},"21":{"start":{"line":47,"column":37},"end":{"line":47,"column":87}},"22":{"start":{"line":48,"column":6},"end":{"line":56,"column":null}},"23":{"start":{"line":50,"column":8},"end":{"line":50,"column":47}},"24":{"start":{"line":52,"column":8},"end":{"line":55,"column":10}},"25":{"start":{"line":58,"column":6},"end":{"line":61,"column":8}},"26":{"start":{"line":64,"column":4},"end":{"line":64,"column":21}},"27":{"start":{"line":68,"column":0},"end":{"line":68,"column":35}}},"fnMap":{"0":{"name":"(anonymous_1)","decl":{"start":{"line":21,"column":17},"end":{"line":21,"column":22}},"loc":{"start":{"line":21,"column":75},"end":{"line":39,"column":1}}},"1":{"name":"(anonymous_2)","decl":{"start":{"line":41,"column":14},"end":{"line":41,"column":19}},"loc":{"start":{"line":41,"column":72},"end":{"line":66,"column":1}}}},"branchMap":{"0":{"loc":{"start":{"line":46,"column":4},"end":{"line":62,"column":null}},"type":"if","locations":[{"start":{"line":46,"column":4},"end":{"line":62,"column":null}},{"start":{"line":57,"column":11},"end":{"line":62,"column":null}}]},"1":{"loc":{"start":{"line":48,"column":6},"end":{"line":56,"column":null}},"type":"if","locations":[{"start":{"line":48,"column":6},"end":{"line":56,"column":null}},{"start":{"line":51,"column":13},"end":{"line":56,"column":null}}]},"2":{"loc":{"start":{"line":53,"column":10},"end":{"line":53,"column":111}},"type":"cond-expr","locations":[{"start":{"line":53,"column":50},"end":{"line":53,"column":92}},{"start":{"line":53,"column":95},"end":{"line":53,"column":111}}]},"3":{"loc":{"start":{"line":59,"column":8},"end":{"line":59,"column":115}},"type":"cond-expr","locations":[{"start":{"line":59,"column":48},"end":{"line":59,"column":90}},{"start":{"line":59,"column":93},"end":{"line":59,"column":115}}]}},"s":{"0":1,"1":1,"2":1,"3":1,"4":1,"5":1,"6":1,"7":1,"8":1,"9":1,"10":1,"11":1,"12":1,"13":1,"14":1,"15":0,"16":1,"17":3,"18":3,"19":3,"20":2,"21":1,"22":1,"23":0,"24":1,"25":1,"26":3,"27":1},"f":{"0":1,"1":3},"b":{"0":[1,1],"1":[0,1],"2":[0,1],"3":[0,1]}}
,"/Users/marko/Documents/programiranje/Projects/blogAPI/controllers/blogController.ts": {"path":"/Users/marko/Documents/programiranje/Projects/blogAPI/controllers/blogController.ts","statementMap":{"0":{"start":{"line":8,"column":0},"end":{"line":8,"column":56}},"1":{"start":{"line":11,"column":0},"end":{"line":11,"column":52}},"2":{"start":{"line":12,"column":0},"end":{"line":12,"column":52}},"3":{"start":{"line":13,"column":0},"end":{"line":13,"column":52}},"4":{"start":{"line":28,"column":17},"end":{"line":47,"column":1}},"5":{"start":{"line":29,"column":38},"end":{"line":29,"column":64}},"6":{"start":{"line":30,"column":50},"end":{"line":30,"column":58}},"7":{"start":{"line":32,"column":2},"end":{"line":46,"column":null}},"8":{"start":{"line":33,"column":4},"end":{"line":33,"column":52}},"9":{"start":{"line":34,"column":4},"end":{"line":34,"column":56}},"10":{"start":{"line":37,"column":4},"end":{"line":41,"column":null}},"11":{"start":{"line":38,"column":6},"end":{"line":38,"column":89}},"12":{"start":{"line":40,"column":6},"end":{"line":40,"column":83}},"13":{"start":{"line":43,"column":4},"end":{"line":43,"column":34}},"14":{"start":{"line":45,"column":4},"end":{"line":45,"column":21}},"15":{"start":{"line":49,"column":25},"end":{"line":78,"column":1}},"16":{"start":{"line":50,"column":54},"end":{"line":50,"column":62}},"17":{"start":{"line":52,"column":2},"end":{"line":77,"column":null}},"18":{"start":{"line":54,"column":17},"end":{"line":54,"column":60}},"19":{"start":{"line":55,"column":15},"end":{"line":55,"column":19}},"20":{"start":{"line":56,"column":4},"end":{"line":60,"column":null}},"21":{"start":{"line":57,"column":6},"end":{"line":57,"column":34}},"22":{"start":{"line":59,"column":6},"end":{"line":59,"column":70}},"23":{"start":{"line":63,"column":4},"end":{"line":74,"column":null}},"24":{"start":{"line":64,"column":6},"end":{"line":64,"column":43}},"25":{"start":{"line":65,"column":6},"end":{"line":67,"column":null}},"26":{"start":{"line":66,"column":8},"end":{"line":66,"column":66}},"27":{"start":{"line":68,"column":6},"end":{"line":68,"column":72}},"28":{"start":{"line":69,"column":11},"end":{"line":74,"column":null}},"29":{"start":{"line":70,"column":6},"end":{"line":70,"column":45}},"30":{"start":{"line":71,"column":6},"end":{"line":71,"column":73}},"31":{"start":{"line":73,"column":6},"end":{"line":73,"column":106}},"32":{"start":{"line":76,"column":4},"end":{"line":76,"column":21}},"33":{"start":{"line":80,"column":0},"end":{"line":80,"column":46}}},"fnMap":{"0":{"name":"(anonymous_1)","decl":{"start":{"line":28,"column":17},"end":{"line":28,"column":22}},"loc":{"start":{"line":28,"column":75},"end":{"line":47,"column":1}}},"1":{"name":"(anonymous_2)","decl":{"start":{"line":49,"column":25},"end":{"line":49,"column":30}},"loc":{"start":{"line":49,"column":83},"end":{"line":78,"column":1}}}},"branchMap":{"0":{"loc":{"start":{"line":37,"column":4},"end":{"line":41,"column":null}},"type":"if","locations":[{"start":{"line":37,"column":4},"end":{"line":41,"column":null}},{"start":{"line":39,"column":11},"end":{"line":41,"column":null}}]},"1":{"loc":{"start":{"line":56,"column":4},"end":{"line":60,"column":null}},"type":"if","locations":[{"start":{"line":56,"column":4},"end":{"line":60,"column":null}},{"start":{"line":58,"column":11},"end":{"line":60,"column":null}}]},"2":{"loc":{"start":{"line":63,"column":4},"end":{"line":74,"column":null}},"type":"if","locations":[{"start":{"line":63,"column":4},"end":{"line":74,"column":null}},{"start":{"line":69,"column":11},"end":{"line":74,"column":null}}]},"3":{"loc":{"start":{"line":63,"column":8},"end":{"line":63,"column":34}},"type":"binary-expr","locations":[{"start":{"line":63,"column":8},"end":{"line":63,"column":26}},{"start":{"line":63,"column":30},"end":{"line":63,"column":34}}]},"4":{"loc":{"start":{"line":65,"column":6},"end":{"line":67,"column":null}},"type":"if","locations":[{"start":{"line":65,"column":6},"end":{"line":67,"column":null}}]},"5":{"loc":{"start":{"line":69,"column":11},"end":{"line":74,"column":null}},"type":"if","locations":[{"start":{"line":69,"column":11},"end":{"line":74,"column":null}},{"start":{"line":72,"column":11},"end":{"line":74,"column":null}}]},"6":{"loc":{"start":{"line":69,"column":15},"end":{"line":69,"column":43}},"type":"binary-expr","locations":[{"start":{"line":69,"column":15},"end":{"line":69,"column":35}},{"start":{"line":69,"column":39},"end":{"line":69,"column":43}}]}},"s":{"0":2,"1":2,"2":2,"3":2,"4":2,"5":1,"6":1,"7":1,"8":1,"9":1,"10":1,"11":1,"12":0,"13":1,"14":0,"15":2,"16":3,"17":3,"18":3,"19":3,"20":3,"21":2,"22":1,"23":2,"24":1,"25":1,"26":1,"27":1,"28":1,"29":0,"30":0,"31":1,"32":2,"33":2},"f":{"0":1,"1":3},"b":{"0":[1,0],"1":[2,1],"2":[1,1],"3":[2,1],"4":[1],"5":[0,1],"6":[1,0]}}
,"/Users/marko/Documents/programiranje/Projects/blogAPI/controllers/inputController.ts": {"path":"/Users/marko/Documents/programiranje/Projects/blogAPI/controllers/inputController.ts","statementMap":{"0":{"start":{"line":2,"column":0},"end":{"line":2,"column":52}},"1":{"start":{"line":5,"column":19},"end":{"line":5,"column":69}},"2":{"start":{"line":6,"column":18},"end":{"line":6,"column":34}},"3":{"start":{"line":9,"column":21},"end":{"line":13,"column":1}},"4":{"start":{"line":10,"column":2},"end":{"line":12,"column":null}},"5":{"start":{"line":11,"column":4},"end":{"line":11,"column":68}},"6":{"start":{"line":15,"column":24},"end":{"line":19,"column":1}},"7":{"start":{"line":16,"column":2},"end":{"line":18,"column":null}},"8":{"start":{"line":17,"column":4},"end":{"line":17,"column":64}},"9":{"start":{"line":21,"column":24},"end":{"line":25,"column":1}},"10":{"start":{"line":22,"column":2},"end":{"line":24,"column":null}},"11":{"start":{"line":23,"column":4},"end":{"line":23,"column":77}},"12":{"start":{"line":27,"column":20},"end":{"line":34,"column":1}},"13":{"start":{"line":28,"column":2},"end":{"line":30,"column":null}},"14":{"start":{"line":29,"column":4},"end":{"line":29,"column":60}},"15":{"start":{"line":31,"column":2},"end":{"line":33,"column":null}},"16":{"start":{"line":32,"column":4},"end":{"line":32,"column":56}},"17":{"start":{"line":36,"column":25},"end":{"line":40,"column":1}},"18":{"start":{"line":37,"column":2},"end":{"line":39,"column":null}},"19":{"start":{"line":38,"column":4},"end":{"line":38,"column":53}},"20":{"start":{"line":42,"column":27},"end":{"line":46,"column":1}},"21":{"start":{"line":43,"column":2},"end":{"line":45,"column":null}},"22":{"start":{"line":44,"column":4},"end":{"line":44,"column":55}},"23":{"start":{"line":48,"column":0},"end":{"line":55,"column":2}}},"fnMap":{"0":{"name":"(anonymous_1)","decl":{"start":{"line":9,"column":21},"end":{"line":9,"column":22}},"loc":{"start":{"line":9,"column":39},"end":{"line":13,"column":1}}},"1":{"name":"(anonymous_2)","decl":{"start":{"line":15,"column":24},"end":{"line":15,"column":25}},"loc":{"start":{"line":15,"column":45},"end":{"line":19,"column":1}}},"2":{"name":"(anonymous_3)","decl":{"start":{"line":21,"column":24},"end":{"line":21,"column":25}},"loc":{"start":{"line":21,"column":45},"end":{"line":25,"column":1}}},"3":{"name":"(anonymous_4)","decl":{"start":{"line":27,"column":20},"end":{"line":27,"column":21}},"loc":{"start":{"line":27,"column":56},"end":{"line":34,"column":1}}},"4":{"name":"(anonymous_5)","decl":{"start":{"line":36,"column":25},"end":{"line":36,"column":26}},"loc":{"start":{"line":36,"column":43},"end":{"line":40,"column":1}}},"5":{"name":"(anonymous_6)","decl":{"start":{"line":42,"column":27},"end":{"line":42,"column":28}},"loc":{"start":{"line":42,"column":47},"end":{"line":46,"column":1}}}},"branchMap":{"0":{"loc":{"start":{"line":10,"column":2},"end":{"line":12,"column":null}},"type":"if","locations":[{"start":{"line":10,"column":2},"end":{"line":12,"column":null}}]},"1":{"loc":{"start":{"line":10,"column":6},"end":{"line":10,"column":60}},"type":"binary-expr","locations":[{"start":{"line":10,"column":6},"end":{"line":10,"column":24}},{"start":{"line":10,"column":28},"end":{"line":10,"column":60}}]},"2":{"loc":{"start":{"line":16,"column":2},"end":{"line":18,"column":null}},"type":"if","locations":[{"start":{"line":16,"column":2},"end":{"line":18,"column":null}}]},"3":{"loc":{"start":{"line":22,"column":2},"end":{"line":24,"column":null}},"type":"if","locations":[{"start":{"line":22,"column":2},"end":{"line":24,"column":null}}]},"4":{"loc":{"start":{"line":28,"column":2},"end":{"line":30,"column":null}},"type":"if","locations":[{"start":{"line":28,"column":2},"end":{"line":30,"column":null}}]},"5":{"loc":{"start":{"line":31,"column":2},"end":{"line":33,"column":null}},"type":"if","locations":[{"start":{"line":31,"column":2},"end":{"line":33,"column":null}}]},"6":{"loc":{"start":{"line":37,"column":2},"end":{"line":39,"column":null}},"type":"if","locations":[{"start":{"line":37,"column":2},"end":{"line":39,"column":null}}]},"7":{"loc":{"start":{"line":43,"column":2},"end":{"line":45,"column":null}},"type":"if","locations":[{"start":{"line":43,"column":2},"end":{"line":45,"column":null}}]}},"s":{"0":1,"1":1,"2":1,"3":1,"4":0,"5":0,"6":1,"7":0,"8":0,"9":1,"10":0,"11":0,"12":1,"13":0,"14":0,"15":0,"16":0,"17":1,"18":0,"19":0,"20":1,"21":0,"22":0,"23":1},"f":{"0":0,"1":0,"2":0,"3":0,"4":0,"5":0},"b":{"0":[0],"1":[0,0],"2":[0],"3":[0],"4":[0],"5":[0],"6":[0],"7":[0]}}
,"/Users/marko/Documents/programiranje/Projects/blogAPI/models/blog.ts": {"path":"/Users/marko/Documents/programiranje/Projects/blogAPI/models/blog.ts","statementMap":{"0":{"start":{"line":1,"column":0},"end":{"line":1,"column":53}},"1":{"start":{"line":4,"column":0},"end":{"line":4,"column":85}},"2":{"start":{"line":72,"column":9},"end":{"line":72,"column":13}},"3":{"start":{"line":35,"column":0},"end":{"line":70,"column":2}}},"fnMap":{},"branchMap":{},"s":{"0":2,"1":2,"2":2,"3":2},"f":{},"b":{}}
,"/Users/marko/Documents/programiranje/Projects/blogAPI/models/user.ts": {"path":"/Users/marko/Documents/programiranje/Projects/blogAPI/models/user.ts","statementMap":{"0":{"start":{"line":1,"column":0},"end":{"line":1,"column":55}},"1":{"start":{"line":2,"column":0},"end":{"line":2,"column":53}},"2":{"start":{"line":3,"column":0},"end":{"line":3,"column":30}},"3":{"start":{"line":116,"column":9},"end":{"line":116,"column":13}},"4":{"start":{"line":36,"column":0},"end":{"line":109,"column":2}},"5":{"start":{"line":49,"column":8},"end":{"line":49,"column":56}},"6":{"start":{"line":111,"column":0},"end":{"line":114,"column":3}},"7":{"start":{"line":112,"column":25},"end":{"line":112,"column":61}},"8":{"start":{"line":113,"column":2},"end":{"line":113,"column":33}}},"fnMap":{"0":{"name":"(anonymous_1)","decl":{"start":{"line":48,"column":6},"end":{"line":48,"column":9}},"loc":{"start":{"line":48,"column":23},"end":{"line":50,"column":7}}},"1":{"name":"(anonymous_2)","decl":{"start":{"line":111,"column":18},"end":{"line":111,"column":23}},"loc":{"start":{"line":111,"column":33},"end":{"line":114,"column":1}}}},"branchMap":{},"s":{"0":3,"1":3,"2":3,"3":3,"4":3,"5":0,"6":3,"7":0,"8":0},"f":{"0":0,"1":0},"b":{}}
,"/Users/marko/Documents/programiranje/Projects/blogAPI/services/appErrorServices.ts": {"path":"/Users/marko/Documents/programiranje/Projects/blogAPI/services/appErrorServices.ts","statementMap":{"0":{"start":{"line":7,"column":4},"end":{"line":7,"column":19}},"1":{"start":{"line":9,"column":4},"end":{"line":9,"column":33}},"2":{"start":{"line":10,"column":4},"end":{"line":10,"column":68}},"3":{"start":{"line":11,"column":4},"end":{"line":11,"column":30}},"4":{"start":{"line":15,"column":0},"end":{"line":15,"column":24}}},"fnMap":{"0":{"name":"(anonymous_0)","decl":{"start":{"line":6,"column":2},"end":{"line":6,"column":14}},"loc":{"start":{"line":6,"column":49},"end":{"line":12,"column":3}}}},"branchMap":{"0":{"loc":{"start":{"line":10,"column":18},"end":{"line":10,"column":67}},"type":"cond-expr","locations":[{"start":{"line":10,"column":52},"end":{"line":10,"column":58}},{"start":{"line":10,"column":61},"end":{"line":10,"column":67}}]}},"s":{"0":8,"1":8,"2":8,"3":8,"4":3},"f":{"0":8},"b":{"0":[8,0]}}
,"/Users/marko/Documents/programiranje/Projects/blogAPI/services/bcryptServices.ts": {"path":"/Users/marko/Documents/programiranje/Projects/blogAPI/services/bcryptServices.ts","statementMap":{"0":{"start":{"line":2,"column":0},"end":{"line":2,"column":30}},"1":{"start":{"line":7,"column":22},"end":{"line":9,"column":1}},"2":{"start":{"line":8,"column":2},"end":{"line":8,"column":55}},"3":{"start":{"line":11,"column":0},"end":{"line":11,"column":33}}},"fnMap":{"0":{"name":"(anonymous_1)","decl":{"start":{"line":7,"column":22},"end":{"line":7,"column":27}},"loc":{"start":{"line":7,"column":72},"end":{"line":9,"column":1}}}},"branchMap":{},"s":{"0":1,"1":1,"2":1,"3":1},"f":{"0":1},"b":{}}
,"/Users/marko/Documents/programiranje/Projects/blogAPI/services/blogServices.ts": {"path":"/Users/marko/Documents/programiranje/Projects/blogAPI/services/blogServices.ts","statementMap":{"0":{"start":{"line":2,"column":0},"end":{"line":2,"column":61}},"1":{"start":{"line":4,"column":22},"end":{"line":20,"column":1}},"2":{"start":{"line":11,"column":31},"end":{"line":17,"column":4}},"3":{"start":{"line":18,"column":15},"end":{"line":18,"column":37}},"4":{"start":{"line":19,"column":2},"end":{"line":19,"column":14}},"5":{"start":{"line":21,"column":21},"end":{"line":21,"column":71}},"6":{"start":{"line":21,"column":57},"end":{"line":21,"column":71}},"7":{"start":{"line":23,"column":24},"end":{"line":27,"column":4}},"8":{"start":{"line":24,"column":2},"end":{"line":27,"column":4}},"9":{"start":{"line":29,"column":25},"end":{"line":29,"column":108}},"10":{"start":{"line":29,"column":73},"end":{"line":29,"column":108}},"11":{"start":{"line":31,"column":25},"end":{"line":31,"column":110}},"12":{"start":{"line":31,"column":75},"end":{"line":31,"column":110}},"13":{"start":{"line":33,"column":18},"end":{"line":34,"column":55}},"14":{"start":{"line":34,"column":2},"end":{"line":34,"column":55}},"15":{"start":{"line":36,"column":20},"end":{"line":37,"column":56}},"16":{"start":{"line":37,"column":2},"end":{"line":37,"column":56}},"17":{"start":{"line":39,"column":0},"end":{"line":47,"column":2}}},"fnMap":{"0":{"name":"(anonymous_0)","decl":{"start":{"line":4,"column":22},"end":{"line":4,"column":null}},"loc":{"start":{"line":10,"column":25},"end":{"line":20,"column":1}}},"1":{"name":"(anonymous_1)","decl":{"start":{"line":21,"column":21},"end":{"line":21,"column":54}},"loc":{"start":{"line":21,"column":57},"end":{"line":21,"column":71}}},"2":{"name":"(anonymous_2)","decl":{"start":{"line":23,"column":24},"end":{"line":23,"column":57}},"loc":{"start":{"line":24,"column":2},"end":{"line":27,"column":4}}},"3":{"name":"(anonymous_3)","decl":{"start":{"line":29,"column":25},"end":{"line":29,"column":26}},"loc":{"start":{"line":29,"column":73},"end":{"line":29,"column":108}}},"4":{"name":"(anonymous_4)","decl":{"start":{"line":31,"column":25},"end":{"line":31,"column":26}},"loc":{"start":{"line":31,"column":75},"end":{"line":31,"column":110}}},"5":{"name":"(anonymous_5)","decl":{"start":{"line":33,"column":18},"end":{"line":33,"column":19}},"loc":{"start":{"line":34,"column":2},"end":{"line":34,"column":55}}},"6":{"name":"(anonymous_6)","decl":{"start":{"line":36,"column":20},"end":{"line":36,"column":21}},"loc":{"start":{"line":37,"column":2},"end":{"line":37,"column":56}}}},"branchMap":{"0":{"loc":{"start":{"line":16,"column":13},"end":{"line":16,"column":29}},"type":"binary-expr","locations":[{"start":{"line":16,"column":13},"end":{"line":16,"column":20}},{"start":{"line":16,"column":24},"end":{"line":16,"column":29}}]}},"s":{"0":1,"1":1,"2":1,"3":1,"4":1,"5":1,"6":0,"7":1,"8":1,"9":1,"10":1,"11":1,"12":0,"13":1,"14":1,"15":1,"16":0,"17":1},"f":{"0":1,"1":0,"2":1,"3":1,"4":0,"5":1,"6":0},"b":{"0":[1,1]}}
,"/Users/marko/Documents/programiranje/Projects/blogAPI/services/jwtServices.ts": {"path":"/Users/marko/Documents/programiranje/Projects/blogAPI/services/jwtServices.ts","statementMap":{"0":{"start":{"line":2,"column":0},"end":{"line":2,"column":31}},"1":{"start":{"line":10,"column":26},"end":{"line":10,"column":58}},"2":{"start":{"line":12,"column":0},"end":{"line":12,"column":null}},"3":{"start":{"line":13,"column":2},"end":{"line":13,"column":null}},"4":{"start":{"line":14,"column":2},"end":{"line":14,"column":null}},"5":{"start":{"line":15,"column":2},"end":{"line":15,"column":null}},"6":{"start":{"line":16,"column":2},"end":{"line":16,"column":null}},"7":{"start":{"line":19,"column":24},"end":{"line":24,"column":1}},"8":{"start":{"line":20,"column":16},"end":{"line":22,"column":4}},"9":{"start":{"line":23,"column":2},"end":{"line":23,"column":62}},"10":{"start":{"line":26,"column":23},"end":{"line":28,"column":1}},"11":{"start":{"line":27,"column":2},"end":{"line":27,"column":38}},"12":{"start":{"line":30,"column":0},"end":{"line":30,"column":51}}},"fnMap":{"0":{"name":"(anonymous_1)","decl":{"start":{"line":12,"column":0},"end":{"line":12,"column":5}},"loc":{"start":{"line":12,"column":11},"end":{"line":17,"column":1}}},"1":{"name":"(anonymous_2)","decl":{"start":{"line":19,"column":24},"end":{"line":19,"column":25}},"loc":{"start":{"line":19,"column":60},"end":{"line":24,"column":1}}},"2":{"name":"(anonymous_3)","decl":{"start":{"line":26,"column":23},"end":{"line":26,"column":24}},"loc":{"start":{"line":26,"column":41},"end":{"line":28,"column":1}}}},"branchMap":{"0":{"loc":{"start":{"line":12,"column":5},"end":{"line":12,"column":null}},"type":"binary-expr","locations":[{"start":{"line":12,"column":5},"end":{"line":12,"column":11}},{"start":{"line":12,"column":5},"end":{"line":12,"column":null}}]}},"s":{"0":1,"1":1,"2":1,"3":1,"4":1,"5":1,"6":1,"7":1,"8":1,"9":1,"10":1,"11":1,"12":1},"f":{"0":1,"1":1,"2":1},"b":{"0":[1,1]}}
,"/Users/marko/Documents/programiranje/Projects/blogAPI/services/retrieveDataServices.ts": {"path":"/Users/marko/Documents/programiranje/Projects/blogAPI/services/retrieveDataServices.ts","statementMap":{"0":{"start":{"line":2,"column":0},"end":{"line":2,"column":38}},"1":{"start":{"line":3,"column":0},"end":{"line":3,"column":38}},"2":{"start":{"line":8,"column":20},"end":{"line":14,"column":1}},"3":{"start":{"line":9,"column":2},"end":{"line":13,"column":null}},"4":{"start":{"line":10,"column":4},"end":{"line":10,"column":26}},"5":{"start":{"line":12,"column":4},"end":{"line":12,"column":54}},"6":{"start":{"line":16,"column":26},"end":{"line":21,"column":4}},"7":{"start":{"line":17,"column":2},"end":{"line":21,"column":4}},"8":{"start":{"line":23,"column":0},"end":{"line":23,"column":50}}},"fnMap":{"0":{"name":"(anonymous_0)","decl":{"start":{"line":8,"column":20},"end":{"line":8,"column":21}},"loc":{"start":{"line":8,"column":60},"end":{"line":14,"column":1}}},"1":{"name":"(anonymous_1)","decl":{"start":{"line":16,"column":26},"end":{"line":16,"column":52}},"loc":{"start":{"line":17,"column":2},"end":{"line":21,"column":4}}}},"branchMap":{"0":{"loc":{"start":{"line":9,"column":2},"end":{"line":13,"column":null}},"type":"if","locations":[{"start":{"line":9,"column":2},"end":{"line":13,"column":null}},{"start":{"line":11,"column":9},"end":{"line":13,"column":null}}]}},"s":{"0":1,"1":1,"2":1,"3":1,"4":1,"5":0,"6":1,"7":1,"8":1},"f":{"0":1,"1":1},"b":{"0":[1,0]}}
,"/Users/marko/Documents/programiranje/Projects/blogAPI/services/userServices.ts": {"path":"/Users/marko/Documents/programiranje/Projects/blogAPI/services/userServices.ts","statementMap":{"0":{"start":{"line":2,"column":0},"end":{"line":2,"column":61}},"1":{"start":{"line":7,"column":16},"end":{"line":25,"column":1}},"2":{"start":{"line":15,"column":31},"end":{"line":22,"column":4}},"3":{"start":{"line":23,"column":15},"end":{"line":23,"column":37}},"4":{"start":{"line":24,"column":2},"end":{"line":24,"column":14}},"5":{"start":{"line":28,"column":21},"end":{"line":28,"column":104}},"6":{"start":{"line":28,"column":69},"end":{"line":28,"column":104}},"7":{"start":{"line":29,"column":24},"end":{"line":29,"column":105}},"8":{"start":{"line":29,"column":71},"end":{"line":29,"column":105}},"9":{"start":{"line":32,"column":23},"end":{"line":33,"column":55}},"10":{"start":{"line":33,"column":2},"end":{"line":33,"column":55}},"11":{"start":{"line":35,"column":0},"end":{"line":35,"column":74}}},"fnMap":{"0":{"name":"(anonymous_0)","decl":{"start":{"line":7,"column":16},"end":{"line":7,"column":null}},"loc":{"start":{"line":14,"column":25},"end":{"line":25,"column":1}}},"1":{"name":"(anonymous_1)","decl":{"start":{"line":28,"column":21},"end":{"line":28,"column":22}},"loc":{"start":{"line":28,"column":69},"end":{"line":28,"column":104}}},"2":{"name":"(anonymous_2)","decl":{"start":{"line":29,"column":24},"end":{"line":29,"column":25}},"loc":{"start":{"line":29,"column":71},"end":{"line":29,"column":105}}},"3":{"name":"(anonymous_3)","decl":{"start":{"line":32,"column":23},"end":{"line":32,"column":24}},"loc":{"start":{"line":33,"column":2},"end":{"line":33,"column":55}}}},"branchMap":{"0":{"loc":{"start":{"line":21,"column":10},"end":{"line":21,"column":24}},"type":"binary-expr","locations":[{"start":{"line":21,"column":10},"end":{"line":21,"column":14}},{"start":{"line":21,"column":18},"end":{"line":21,"column":24}}]}},"s":{"0":2,"1":2,"2":1,"3":1,"4":1,"5":2,"6":1,"7":2,"8":1,"9":2,"10":1,"11":2},"f":{"0":1,"1":1,"2":1,"3":1},"b":{"0":[1,0]}}
}
